<?xml version="1.0" encoding="UTF-8"?>
<!-- Generated by org.testng.reporters.JUnitXMLReporter -->
<testsuite hostname="DESKTOP-KUVK3PK" ignored="0" name="Default test" tests="8" failures="0" timestamp="2023-03-12T19:43:08 IST" time="91.167" errors="0">
  <testcase name="validLogin" time="7.727" classname="testScripts.BlazeWebApp"/>
  <testcase name="addItemtoCart" time="7.048" classname="testScripts.BlazeWebApp"/>
  <testcase name="addItemtoCart" time="10.525" classname="testScripts.BlazeWebApp"/>
  <testcase name="addItemtoCart" time="11.434" classname="testScripts.BlazeWebApp"/>
  <testcase name="addItemtoCart" time="10.681" classname="testScripts.BlazeWebApp"/>
  <testcase name="addItemtoCart" time="8.685" classname="testScripts.BlazeWebApp"/>
  <testcase name="deleteItem" time="3.784" classname="testScripts.BlazeWebApp"/>
  <testcase name="finalOrder" time="4.73" classname="testScripts.BlazeWebApp"/>
</testsuite> <!-- Default test -->
