<?xml version="1.0" encoding="UTF-8"?>
<!-- Generated by org.testng.reporters.JUnitXMLReporter -->
<testsuite hostname="DESKTOP-KUVK3PK" ignored="0" name="Default test" tests="8" failures="0" timestamp="2023-03-14T15:54:03 IST" time="250.264" errors="0">
  <testcase name="validLogin" time="41.386" classname="testScripts.BlazeWebApp"/>
  <testcase name="addItemtoCart" time="30.024" classname="testScripts.BlazeWebApp"/>
  <testcase name="addItemtoCart" time="31.006" classname="testScripts.BlazeWebApp"/>
  <testcase name="addItemtoCart" time="38.527" classname="testScripts.BlazeWebApp"/>
  <testcase name="addItemtoCart" time="32.416" classname="testScripts.BlazeWebApp"/>
  <testcase name="addItemtoCart" time="39.491" classname="testScripts.BlazeWebApp"/>
  <testcase name="deleteItem" time="15.708" classname="testScripts.BlazeWebApp"/>
  <testcase name="finalOrder" time="2.931" classname="testScripts.BlazeWebApp"/>
</testsuite> <!-- Default test -->
